<?xml version="1.0" encoding="UTF-8"?>
<testsuite xmlns:xsi="http://www.w3.org/2001/XMLSchema-instance" xsi:noNamespaceSchemaLocation="https://maven.apache.org/surefire/maven-surefire-plugin/xsd/surefire-test-report-3.0.xsd" version="3.0" name="com.fintrack.transaction.TransactionRepositoryTest" time="4.413" tests="1" errors="0" skipped="0" failures="0">
  <properties>
[...]
</properties>
  <testcase name="save_and_findByUserId" classname="com.fintrack.transaction.TransactionRepositoryTest" time="0.286">
    <system-out><![CDATA[08:41:17.998 [main] INFO org.springframework.test.context.support.AnnotationConfigContextLoaderUtils -- Could not detect default configuration classes for test class [com.fintrack.transaction.TransactionRepositoryTest]: TransactionRepositoryTest does not declare any static, non-private, non-final, nested classes annotated with @Configuration.
08:41:18.169 [main] INFO org.springframework.boot.test.context.SpringBootTestContextBootstrapper -- Found @SpringBootConfiguration com.fintrack.Application for test class com.fintrack.transaction.TransactionRepositoryTest

  .   ____          _            __ _ _
 /\\ / ___'_ __ _ _(_)_ __  __ _ \ \ \ \
( ( )\___ | '_ | '_| | '_ \/ _` | \ \ \ \
 \\/  ___)| |_)| | | | | || (_| |  ) ) ) )
  '  |____| .__|_| |_|_| |_\__, | / / / /
 =========|_|==============|___/=/_/_/_/
 :: Spring Boot ::                (v3.2.0)

2026-08-10T08:41:18.757Z  INFO 19989 --- [fintrack-api] [           main] c.f.t.TransactionRepositoryTest          : Starting TransactionRepositoryTest using Java 25.0.2 with PID 19989 (started by codespace in /workspaces/fintrack-api/fintrack-api)
2026-08-10T08:41:18.759Z  INFO 19989 --- [fintrack-api] [           main] c.f.t.TransactionRepositoryTest          : No active profile set, falling back to 1 default profile: "default"
2026-08-10T08:41:19.338Z  INFO 19989 --- [fintrack-api] [           main] .s.d.r.c.RepositoryConfigurationDelegate : Bootstrapping Spring Data JPA repositories in DEFAULT mode.
2026-08-10T08:41:19.424Z  INFO 19989 --- [fintrack-api] [           main] .s.d.r.c.RepositoryConfigurationDelegate : Finished Spring Data repository scanning in 71 ms. Found 1 JPA repository interface.
2026-08-10T08:41:19.495Z  INFO 19989 --- [fintrack-api] [           main] beddedDataSourceBeanFactoryPostProcessor : Replacing 'dataSource' DataSource bean with embedded version
2026-08-10T08:41:19.681Z  INFO 19989 --- [fintrack-api] [           main] o.s.j.d.e.EmbeddedDatabaseFactory        : Starting embedded database: url='jdbc:h2:mem:e8e15e1c-5d9a-473c-b3d5-3d297546db55;DB_CLOSE_DELAY=-1;DB_CLOSE_ON_EXIT=false', username='sa'
2026-08-10T08:41:19.992Z  INFO 19989 --- [fintrack-api] [           main] o.hibernate.jpa.internal.util.LogHelper  : HHH000204: Processing PersistenceUnitInfo [name: default]
2026-08-10T08:41:20.070Z  INFO 19989 --- [fintrack-api] [           main] org.hibernate.Version                    : HHH000412: Hibernate ORM core version 6.3.1.Final
2026-08-10T08:41:20.105Z  INFO 19989 --- [fintrack-api] [           main] o.h.c.internal.RegionFactoryInitiator    : HHH000026: Second-level cache disabled
2026-08-10T08:41:20.217Z  INFO 19989 --- [fintrack-api] [           main] o.s.o.j.p.SpringPersistenceUnitInfo      : No LoadTimeWeaver setup: ignoring JPA class transformer
2026-08-10T08:41:21.301Z  INFO 19989 --- [fintrack-api] [           main] o.h.e.t.j.p.i.JtaPlatformInitiator       : HHH000489: No JTA platform available (set 'hibernate.transaction.jta.platform' to enable JTA platform integration)
Hibernate: drop table if exists shared_expense_participants cascade 
Hibernate: drop table if exists shared_expenses cascade 
Hibernate: drop table if exists transactions cascade 
Hibernate: create table shared_expense_participants (amount numeric(19,4), expense_id bigint not null, user_id varchar(255))
Hibernate: create table shared_expenses (total_amount numeric(19,4) not null, created_at timestamp(6) not null, id bigint generated by default as identity, creator_id varchar(255) not null, description varchar(255) not null, split_type varchar(255) not null check (split_type in ('EQUAL','CUSTOM')), primary key (id))
Hibernate: create table transactions (amount numeric(19,4) not null, created_at timestamp(6) not null, id bigint generated by default as identity, description varchar(255), user_id varchar(255) not null, primary key (id))
Hibernate: alter table if exists shared_expense_participants add constraint FK68rlfpptqegw9523idsift5uu foreign key (expense_id) references shared_expenses
2026-08-10T08:41:21.368Z  INFO 19989 --- [fintrack-api] [           main] j.LocalContainerEntityManagerFactoryBean : Initialized JPA EntityManagerFactory for persistence unit 'default'
2026-08-10T08:41:21.981Z  INFO 19989 --- [fintrack-api] [           main] c.f.t.TransactionRepositoryTest          : Started TransactionRepositoryTest in 3.75 seconds (process running for 8.51)
Hibernate: insert into transactions (amount,created_at,description,user_id,id) values (?,?,?,?,default)
Hibernate: insert into transactions (amount,created_at,description,user_id,id) values (?,?,?,?,default)
Hibernate: select t1_0.id,t1_0.amount,t1_0.created_at,t1_0.description,t1_0.user_id from transactions t1_0 where t1_0.user_id=?
Hibernate: select t1_0.id,t1_0.amount,t1_0.created_at,t1_0.description,t1_0.user_id from transactions t1_0 where t1_0.user_id=?
]]></system-out>
  </testcase>
</testsuite>